<?xml version="1.0" encoding="UTF-8"?>
<testng-results skipped="0" failed="0" total="13" passed="13">
  <reporter-output>
  </reporter-output>
  <suite name="Default suite" duration-ms="3519" started-at="2018-09-13T16:50:18Z" finished-at="2018-09-13T16:50:21Z">
    <groups>
    </groups>
    <test name="Default test" duration-ms="3519" started-at="2018-09-13T16:50:18Z" finished-at="2018-09-13T16:50:21Z">
      <class name="workM.workTest.day1">
        <test-method status="PASS" signature="login(java.lang.String, java.lang.String, java.lang.String, java.lang.String, java.lang.String, java.lang.String, java.lang.String)[pri:0, instance:workM.workTest.day1@51efea79]" name="login" duration-ms="1664" started-at="2018-09-13T12:50:18Z" data-provider="getData" finished-at="2018-09-13T12:50:20Z">
          <params>
            <param index="0">
              <value>
                <![CDATA[Ben  '8]]>
              </value>
            </param>
            <param index="1">
              <value>
                <![CDATA[Becker  '9]]>
              </value>
            </param>
            <param index="2">
              <value>
                <![CDATA[carmella.kirlin]]>
              </value>
            </param>
            <param index="3">
              <value>
                <![CDATA[6wB6a9C^&QdQX9v9]]>
              </value>
            </param>
            <param index="4">
              <value>
                <![CDATA[kolby.morar@yahoo.com]]>
              </value>
            </param>
            <param index="5">
              <value>
                <![CDATA[414-580-9362]]>
              </value>
            </param>
            <param index="6">
              <value>
                <![CDATA[TC#1: Valid/Positive Test Case; Expect - Success:True]]>
              </value>
            </param>
          </params>
          <reporter-output>
          </reporter-output>
        </test-method> <!-- login -->
        <test-method status="PASS" signature="login(java.lang.String, java.lang.String, java.lang.String, java.lang.String, java.lang.String, java.lang.String, java.lang.String)[pri:0, instance:workM.workTest.day1@51efea79]" name="login" duration-ms="135" started-at="2018-09-13T12:50:20Z" data-provider="getData" finished-at="2018-09-13T12:50:20Z">
          <params>
            <param index="0">
              <value>
                <![CDATA[ccpAYg4I7M@AIdQF]]>
              </value>
            </param>
            <param index="1">
              <value>
                <![CDATA[Witting  '8]]>
              </value>
            </param>
            <param index="2">
              <value>
                <![CDATA[ignatius.homenick]]>
              </value>
            </param>
            <param index="3">
              <value>
                <![CDATA[9^i8v56mqpY82]]>
              </value>
            </param>
            <param index="4">
              <value>
                <![CDATA[carmela.frami@yahoo.com]]>
              </value>
            </param>
            <param index="5">
              <value>
                <![CDATA[314-149-5325]]>
              </value>
            </param>
            <param index="6">
              <value>
                <![CDATA[TC#2: Expected- Success:False && Errors: First Name contains Invalid Characters]]>
              </value>
            </param>
          </params>
          <reporter-output>
          </reporter-output>
        </test-method> <!-- login -->
        <test-method status="PASS" signature="login(java.lang.String, java.lang.String, java.lang.String, java.lang.String, java.lang.String, java.lang.String, java.lang.String)[pri:0, instance:workM.workTest.day1@51efea79]" name="login" duration-ms="137" started-at="2018-09-13T12:50:20Z" data-provider="getData" finished-at="2018-09-13T12:50:20Z">
          <params>
            <param index="0">
              <value is-null="true"/>
            </param>
            <param index="1">
              <value is-null="true"/>
            </param>
            <param index="2">
              <value is-null="true"/>
            </param>
            <param index="3">
              <value is-null="true"/>
            </param>
            <param index="4">
              <value is-null="true"/>
            </param>
            <param index="5">
              <value is-null="true"/>
            </param>
            <param index="6">
              <value is-null="true"/>
            </param>
          </params>
          <reporter-output>
          </reporter-output>
        </test-method> <!-- login -->
        <test-method status="PASS" signature="login(java.lang.String, java.lang.String, java.lang.String, java.lang.String, java.lang.String, java.lang.String, java.lang.String)[pri:0, instance:workM.workTest.day1@51efea79]" name="login" duration-ms="117" started-at="2018-09-13T12:50:20Z" data-provider="getData" finished-at="2018-09-13T12:50:20Z">
          <params>
            <param index="0">
              <value is-null="true"/>
            </param>
            <param index="1">
              <value is-null="true"/>
            </param>
            <param index="2">
              <value is-null="true"/>
            </param>
            <param index="3">
              <value is-null="true"/>
            </param>
            <param index="4">
              <value is-null="true"/>
            </param>
            <param index="5">
              <value is-null="true"/>
            </param>
            <param index="6">
              <value is-null="true"/>
            </param>
          </params>
          <reporter-output>
          </reporter-output>
        </test-method> <!-- login -->
        <test-method status="PASS" signature="login(java.lang.String, java.lang.String, java.lang.String, java.lang.String, java.lang.String, java.lang.String, java.lang.String)[pri:0, instance:workM.workTest.day1@51efea79]" name="login" duration-ms="125" started-at="2018-09-13T12:50:20Z" data-provider="getData" finished-at="2018-09-13T12:50:20Z">
          <params>
            <param index="0">
              <value is-null="true"/>
            </param>
            <param index="1">
              <value is-null="true"/>
            </param>
            <param index="2">
              <value is-null="true"/>
            </param>
            <param index="3">
              <value is-null="true"/>
            </param>
            <param index="4">
              <value is-null="true"/>
            </param>
            <param index="5">
              <value is-null="true"/>
            </param>
            <param index="6">
              <value is-null="true"/>
            </param>
          </params>
          <reporter-output>
          </reporter-output>
        </test-method> <!-- login -->
        <test-method status="PASS" signature="login(java.lang.String, java.lang.String, java.lang.String, java.lang.String, java.lang.String, java.lang.String, java.lang.String)[pri:0, instance:workM.workTest.day1@51efea79]" name="login" duration-ms="116" started-at="2018-09-13T12:50:20Z" data-provider="getData" finished-at="2018-09-13T12:50:20Z">
          <params>
            <param index="0">
              <value is-null="true"/>
            </param>
            <param index="1">
              <value is-null="true"/>
            </param>
            <param index="2">
              <value is-null="true"/>
            </param>
            <param index="3">
              <value is-null="true"/>
            </param>
            <param index="4">
              <value is-null="true"/>
            </param>
            <param index="5">
              <value is-null="true"/>
            </param>
            <param index="6">
              <value is-null="true"/>
            </param>
          </params>
          <reporter-output>
          </reporter-output>
        </test-method> <!-- login -->
        <test-method status="PASS" signature="login(java.lang.String, java.lang.String, java.lang.String, java.lang.String, java.lang.String, java.lang.String, java.lang.String)[pri:0, instance:workM.workTest.day1@51efea79]" name="login" duration-ms="122" started-at="2018-09-13T12:50:20Z" data-provider="getData" finished-at="2018-09-13T12:50:20Z">
          <params>
            <param index="0">
              <value is-null="true"/>
            </param>
            <param index="1">
              <value is-null="true"/>
            </param>
            <param index="2">
              <value is-null="true"/>
            </param>
            <param index="3">
              <value is-null="true"/>
            </param>
            <param index="4">
              <value is-null="true"/>
            </param>
            <param index="5">
              <value is-null="true"/>
            </param>
            <param index="6">
              <value is-null="true"/>
            </param>
          </params>
          <reporter-output>
          </reporter-output>
        </test-method> <!-- login -->
        <test-method status="PASS" signature="login(java.lang.String, java.lang.String, java.lang.String, java.lang.String, java.lang.String, java.lang.String, java.lang.String)[pri:0, instance:workM.workTest.day1@51efea79]" name="login" duration-ms="137" started-at="2018-09-13T12:50:20Z" data-provider="getData" finished-at="2018-09-13T12:50:21Z">
          <params>
            <param index="0">
              <value is-null="true"/>
            </param>
            <param index="1">
              <value is-null="true"/>
            </param>
            <param index="2">
              <value is-null="true"/>
            </param>
            <param index="3">
              <value is-null="true"/>
            </param>
            <param index="4">
              <value is-null="true"/>
            </param>
            <param index="5">
              <value is-null="true"/>
            </param>
            <param index="6">
              <value is-null="true"/>
            </param>
          </params>
          <reporter-output>
          </reporter-output>
        </test-method> <!-- login -->
        <test-method status="PASS" signature="login(java.lang.String, java.lang.String, java.lang.String, java.lang.String, java.lang.String, java.lang.String, java.lang.String)[pri:0, instance:workM.workTest.day1@51efea79]" name="login" duration-ms="135" started-at="2018-09-13T12:50:21Z" data-provider="getData" finished-at="2018-09-13T12:50:21Z">
          <params>
            <param index="0">
              <value is-null="true"/>
            </param>
            <param index="1">
              <value is-null="true"/>
            </param>
            <param index="2">
              <value is-null="true"/>
            </param>
            <param index="3">
              <value is-null="true"/>
            </param>
            <param index="4">
              <value is-null="true"/>
            </param>
            <param index="5">
              <value is-null="true"/>
            </param>
            <param index="6">
              <value is-null="true"/>
            </param>
          </params>
          <reporter-output>
          </reporter-output>
        </test-method> <!-- login -->
        <test-method status="PASS" signature="login(java.lang.String, java.lang.String, java.lang.String, java.lang.String, java.lang.String, java.lang.String, java.lang.String)[pri:0, instance:workM.workTest.day1@51efea79]" name="login" duration-ms="116" started-at="2018-09-13T12:50:21Z" data-provider="getData" finished-at="2018-09-13T12:50:21Z">
          <params>
            <param index="0">
              <value is-null="true"/>
            </param>
            <param index="1">
              <value is-null="true"/>
            </param>
            <param index="2">
              <value is-null="true"/>
            </param>
            <param index="3">
              <value is-null="true"/>
            </param>
            <param index="4">
              <value is-null="true"/>
            </param>
            <param index="5">
              <value is-null="true"/>
            </param>
            <param index="6">
              <value is-null="true"/>
            </param>
          </params>
          <reporter-output>
          </reporter-output>
        </test-method> <!-- login -->
        <test-method status="PASS" signature="login(java.lang.String, java.lang.String, java.lang.String, java.lang.String, java.lang.String, java.lang.String, java.lang.String)[pri:0, instance:workM.workTest.day1@51efea79]" name="login" duration-ms="117" started-at="2018-09-13T12:50:21Z" data-provider="getData" finished-at="2018-09-13T12:50:21Z">
          <params>
            <param index="0">
              <value is-null="true"/>
            </param>
            <param index="1">
              <value is-null="true"/>
            </param>
            <param index="2">
              <value is-null="true"/>
            </param>
            <param index="3">
              <value is-null="true"/>
            </param>
            <param index="4">
              <value is-null="true"/>
            </param>
            <param index="5">
              <value is-null="true"/>
            </param>
            <param index="6">
              <value is-null="true"/>
            </param>
          </params>
          <reporter-output>
          </reporter-output>
        </test-method> <!-- login -->
        <test-method status="PASS" signature="login(java.lang.String, java.lang.String, java.lang.String, java.lang.String, java.lang.String, java.lang.String, java.lang.String)[pri:0, instance:workM.workTest.day1@51efea79]" name="login" duration-ms="136" started-at="2018-09-13T12:50:21Z" data-provider="getData" finished-at="2018-09-13T12:50:21Z">
          <params>
            <param index="0">
              <value is-null="true"/>
            </param>
            <param index="1">
              <value is-null="true"/>
            </param>
            <param index="2">
              <value is-null="true"/>
            </param>
            <param index="3">
              <value is-null="true"/>
            </param>
            <param index="4">
              <value is-null="true"/>
            </param>
            <param index="5">
              <value is-null="true"/>
            </param>
            <param index="6">
              <value is-null="true"/>
            </param>
          </params>
          <reporter-output>
          </reporter-output>
        </test-method> <!-- login -->
        <test-method status="PASS" signature="login(java.lang.String, java.lang.String, java.lang.String, java.lang.String, java.lang.String, java.lang.String, java.lang.String)[pri:0, instance:workM.workTest.day1@51efea79]" name="login" duration-ms="115" started-at="2018-09-13T12:50:21Z" data-provider="getData" finished-at="2018-09-13T12:50:21Z">
          <params>
            <param index="0">
              <value is-null="true"/>
            </param>
            <param index="1">
              <value is-null="true"/>
            </param>
            <param index="2">
              <value is-null="true"/>
            </param>
            <param index="3">
              <value is-null="true"/>
            </param>
            <param index="4">
              <value is-null="true"/>
            </param>
            <param index="5">
              <value is-null="true"/>
            </param>
            <param index="6">
              <value is-null="true"/>
            </param>
          </params>
          <reporter-output>
          </reporter-output>
        </test-method> <!-- login -->
      </class> <!-- workM.workTest.day1 -->
    </test> <!-- Default test -->
  </suite> <!-- Default suite -->
</testng-results>
